<?xml version="1.0" encoding="UTF-8"?>
<!-- Generated by org.testng.reporters.JUnitXMLReporter -->
<testsuite hostname="ADMIN-PC" name="Test" tests="7" failures="0" timestamp="17 May 2019 04:17:46 GMT" time="714.813" errors="0">
  <testcase name="irctcSignUp" time="34.126" classname="testcases.TC001"/>
  <testcase name="accomodations" time="112.105" classname="testcases.TC002"/>
  <testcase name="nvsp" time="86.091" classname="testcases.TC003"/>
  <testcase name="saloonCheck" time="73.518" classname="testcases.TC004"/>
  <testcase name="gstValidation" time="99.978" classname="testcases.TC005"/>
  <testcase name="overseasVoter" time="129.151" classname="testcases.TC006"/>
  <testcase name="nvspForm8A" time="61.914" classname="testcases.TC009"/>
</testsuite> <!-- Test -->
