<?xml version="1.0" encoding="UTF-8"?>
<!-- Generated by org.testng.reporters.JUnitXMLReporter -->
<testsuite hostname="ADMIN-PC" name="Test" tests="5" failures="0" timestamp="9 Jun 2019 10:02:37 GMT" time="348.543" errors="0">
  <testcase name="gstValidation" time="48.791" classname="pom.irctc.testcases.TC005"/>
  <testcase name="saloonMandatoryCheck" time="65.678" classname="pom.irctc.testcases.TC004"/>
  <testcase name="nvspForm6" time="47.645" classname="pom.irctc.testcases.TC003"/>
  <testcase name="accomodations" time="64.247" classname="pom.irctc.testcases.TC002"/>
  <testcase name="irctcSignUp" time="27.503" classname="pom.irctc.testcases.TC001"/>
</testsuite> <!-- Test -->
