<?xml version="1.0" encoding="UTF-8"?>
<testng-results skipped="3" failed="0" total="3" passed="0">
  <reporter-output>
  </reporter-output>
  <suite name="Default suite" duration-ms="4033" started-at="2019-08-30T16:29:37Z" finished-at="2019-08-30T16:29:41Z">
    <groups>
    </groups>
    <test name="Default test" duration-ms="4033" started-at="2019-08-30T16:29:37Z" finished-at="2019-08-30T16:29:41Z">
      <class name="testcases.TC001">
        <test-method status="FAIL" signature="beforeMethod()[pri:0, instance:testcases.TC001@12050f6]" name="beforeMethod" is-config="true" duration-ms="0" started-at="2019-08-30T21:59:39Z" finished-at="2019-08-30T21:59:39Z">
          <exception class="java.lang.NullPointerException">
            <full-stacktrace>
              <![CDATA[java.lang.NullPointerException
	at wrappers.GenericWrappers.takeSnap(GenericWrappers.java:635)
	at wrappers.GenericWrappers.invokeApp(GenericWrappers.java:52)
	at wrappers.ProjectWrappers.beforeMethod(ProjectWrappers.java:9)
	at sun.reflect.NativeMethodAccessorImpl.invoke0(Native Method)
	at sun.reflect.NativeMethodAccessorImpl.invoke(Unknown Source)
	at sun.reflect.DelegatingMethodAccessorImpl.invoke(Unknown Source)
	at java.lang.reflect.Method.invoke(Unknown Source)
	at org.testng.internal.MethodInvocationHelper.invokeMethod(MethodInvocationHelper.java:85)
	at org.testng.internal.Invoker.invokeConfigurationMethod(Invoker.java:510)
	at org.testng.internal.Invoker.invokeConfigurations(Invoker.java:211)
	at org.testng.internal.Invoker.invokeMethod(Invoker.java:585)
	at org.testng.internal.Invoker.invokeTestMethod(Invoker.java:816)
	at org.testng.internal.Invoker.invokeTestMethods(Invoker.java:1124)
	at org.testng.internal.TestMethodWorker.invokeTestMethods(TestMethodWorker.java:124)
	at org.testng.internal.TestMethodWorker.run(TestMethodWorker.java:108)
	at org.testng.TestRunner.privateRun(TestRunner.java:773)
	at org.testng.TestRunner.run(TestRunner.java:623)
	at org.testng.SuiteRunner.runTest(SuiteRunner.java:359)
	at org.testng.SuiteRunner.runSequentially(SuiteRunner.java:354)
	at org.testng.SuiteRunner.privateRun(SuiteRunner.java:312)
	at org.testng.SuiteRunner.run(SuiteRunner.java:261)
	at org.testng.SuiteRunnerWorker.runSuite(SuiteRunnerWorker.java:52)
	at org.testng.SuiteRunnerWorker.run(SuiteRunnerWorker.java:86)
	at org.testng.TestNG.runSuitesSequentially(TestNG.java:1185)
	at org.testng.TestNG.runSuitesLocally(TestNG.java:1110)
	at org.testng.TestNG.run(TestNG.java:1018)
	at org.testng.remote.RemoteTestNG.run(RemoteTestNG.java:112)
	at org.testng.remote.RemoteTestNG.initAndRun(RemoteTestNG.java:205)
	at org.testng.remote.RemoteTestNG.main(RemoteTestNG.java:176)
]]>
            </full-stacktrace>
          </exception> <!-- java.lang.NullPointerException -->
          <reporter-output>
          </reporter-output>
        </test-method> <!-- beforeMethod -->
        <test-method status="SKIP" signature="irctcSignUp(java.lang.String, java.lang.String, java.lang.String, java.lang.String, java.lang.String, java.lang.String, java.lang.String, java.lang.String, java.lang.String, java.lang.String, java.lang.String, java.lang.String, java.lang.String, java.lang.String, java.lang.String, java.lang.String, java.lang.String, java.lang.String, java.lang.String, java.lang.String, java.lang.String, java.lang.String, java.lang.String, java.lang.String, java.lang.String, java.lang.String, java.lang.String, java.lang.String)[pri:0, instance:testcases.TC001@12050f6]" name="irctcSignUp" duration-ms="2" started-at="2019-08-30T21:59:41Z" data-provider="fetchData" finished-at="2019-08-30T21:59:41Z">
          <params>
            <param index="0">
              <value>
                <![CDATA[poorvi_s]]>
              </value>
            </param>
            <param index="1">
              <value>
                <![CDATA[onetest*123]]>
              </value>
            </param>
            <param index="2">
              <value>
                <![CDATA[onetest*123]]>
              </value>
            </param>
            <param index="3">
              <value>
                <![CDATA[1]]>
              </value>
            </param>
            <param index="4">
              <value>
                <![CDATA[One Ans]]>
              </value>
            </param>
            <param index="5">
              <value>
                <![CDATA[0]]>
              </value>
            </param>
            <param index="6">
              <value>
                <![CDATA[Poorvi]]>
              </value>
            </param>
            <param index="7">
              <value>
                <![CDATA[Visha]]>
              </value>
            </param>
            <param index="8">
              <value>
                <![CDATA[Poorvisha]]>
              </value>
            </param>
            <param index="9">
              <value>
                <![CDATA[female]]>
              </value>
            </param>
            <param index="10">
              <value>
                <![CDATA[22]]>
              </value>
            </param>
            <param index="11">
              <value>
                <![CDATA[JAN]]>
              </value>
            </param>
            <param index="12">
              <value>
                <![CDATA[1990]]>
              </value>
            </param>
            <param index="13">
              <value>
                <![CDATA[2]]>
              </value>
            </param>
            <param index="14">
              <value>
                <![CDATA[1234567812345678]]>
              </value>
            </param>
            <param index="15">
              <value>
                <![CDATA[ABCDE0123F]]>
              </value>
            </param>
            <param index="16">
              <value>
                <![CDATA[1]]>
              </value>
            </param>
            <param index="17">
              <value>
                <![CDATA[testone@email.com]]>
              </value>
            </param>
            <param index="18">
              <value>
                <![CDATA[9876543210]]>
              </value>
            </param>
            <param index="19">
              <value>
                <![CDATA[1]]>
              </value>
            </param>
            <param index="20">
              <value>
                <![CDATA[12A]]>
              </value>
            </param>
            <param index="21">
              <value>
                <![CDATA[test street one]]>
              </value>
            </param>
            <param index="22">
              <value>
                <![CDATA[test area one]]>
              </value>
            </param>
            <param index="23">
              <value>
                <![CDATA[600040]]>
              </value>
            </param>
            <param index="24">
              <value>
                <![CDATA[1]]>
              </value>
            </param>
            <param index="25">
              <value>
                <![CDATA[1]]>
              </value>
            </param>
            <param index="26">
              <value>
                <![CDATA[98765432]]>
              </value>
            </param>
            <param index="27">
              <value>
                <![CDATA[ABCD]]>
              </value>
            </param>
          </params>
          <reporter-output>
          </reporter-output>
        </test-method> <!-- irctcSignUp -->
        <test-method status="SKIP" signature="afterMethod()[pri:0, instance:testcases.TC001@12050f6]" name="afterMethod" is-config="true" duration-ms="0" started-at="2019-08-30T21:59:41Z" finished-at="2019-08-30T21:59:41Z">
          <reporter-output>
          </reporter-output>
        </test-method> <!-- afterMethod -->
        <test-method status="SKIP" signature="beforeMethod()[pri:0, instance:testcases.TC001@12050f6]" name="beforeMethod" is-config="true" duration-ms="0" started-at="2019-08-30T21:59:41Z" finished-at="2019-08-30T21:59:41Z">
          <reporter-output>
          </reporter-output>
        </test-method> <!-- beforeMethod -->
        <test-method status="SKIP" signature="irctcSignUp(java.lang.String, java.lang.String, java.lang.String, java.lang.String, java.lang.String, java.lang.String, java.lang.String, java.lang.String, java.lang.String, java.lang.String, java.lang.String, java.lang.String, java.lang.String, java.lang.String, java.lang.String, java.lang.String, java.lang.String, java.lang.String, java.lang.String, java.lang.String, java.lang.String, java.lang.String, java.lang.String, java.lang.String, java.lang.String, java.lang.String, java.lang.String, java.lang.String)[pri:0, instance:testcases.TC001@12050f6]" name="irctcSignUp" duration-ms="1" started-at="2019-08-30T21:59:41Z" data-provider="fetchData" finished-at="2019-08-30T21:59:41Z">
          <params>
            <param index="0">
              <value>
                <![CDATA[arun_r]]>
              </value>
            </param>
            <param index="1">
              <value>
                <![CDATA[twotest*123]]>
              </value>
            </param>
            <param index="2">
              <value>
                <![CDATA[twotest*123]]>
              </value>
            </param>
            <param index="3">
              <value>
                <![CDATA[2]]>
              </value>
            </param>
            <param index="4">
              <value>
                <![CDATA[Two Ans]]>
              </value>
            </param>
            <param index="5">
              <value>
                <![CDATA[0]]>
              </value>
            </param>
            <param index="6">
              <value>
                <![CDATA[Arun]]>
              </value>
            </param>
            <param index="7">
              <value>
                <![CDATA[Prakash]]>
              </value>
            </param>
            <param index="8">
              <value>
                <![CDATA[ArunP]]>
              </value>
            </param>
            <param index="9">
              <value>
                <![CDATA[male]]>
              </value>
            </param>
            <param index="10">
              <value>
                <![CDATA[15]]>
              </value>
            </param>
            <param index="11">
              <value>
                <![CDATA[JAN]]>
              </value>
            </param>
            <param index="12">
              <value>
                <![CDATA[1986]]>
              </value>
            </param>
            <param index="13">
              <value>
                <![CDATA[1]]>
              </value>
            </param>
            <param index="14">
              <value>
                <![CDATA[2345678923456789]]>
              </value>
            </param>
            <param index="15">
              <value>
                <![CDATA[GHIJK4567L]]>
              </value>
            </param>
            <param index="16">
              <value>
                <![CDATA[1]]>
              </value>
            </param>
            <param index="17">
              <value>
                <![CDATA[testtwo@email.com]]>
              </value>
            </param>
            <param index="18">
              <value>
                <![CDATA[8765432109]]>
              </value>
            </param>
            <param index="19">
              <value>
                <![CDATA[1]]>
              </value>
            </param>
            <param index="20">
              <value>
                <![CDATA[12A]]>
              </value>
            </param>
            <param index="21">
              <value>
                <![CDATA[test street two]]>
              </value>
            </param>
            <param index="22">
              <value>
                <![CDATA[test area two]]>
              </value>
            </param>
            <param index="23">
              <value>
                <![CDATA[600100]]>
              </value>
            </param>
            <param index="24">
              <value>
                <![CDATA[1]]>
              </value>
            </param>
            <param index="25">
              <value>
                <![CDATA[1]]>
              </value>
            </param>
            <param index="26">
              <value>
                <![CDATA[87654321]]>
              </value>
            </param>
            <param index="27">
              <value>
                <![CDATA[EFGH]]>
              </value>
            </param>
          </params>
          <reporter-output>
          </reporter-output>
        </test-method> <!-- irctcSignUp -->
        <test-method status="SKIP" signature="afterMethod()[pri:0, instance:testcases.TC001@12050f6]" name="afterMethod" is-config="true" duration-ms="0" started-at="2019-08-30T21:59:41Z" finished-at="2019-08-30T21:59:41Z">
          <reporter-output>
          </reporter-output>
        </test-method> <!-- afterMethod -->
        <test-method status="SKIP" signature="beforeMethod()[pri:0, instance:testcases.TC001@12050f6]" name="beforeMethod" is-config="true" duration-ms="0" started-at="2019-08-30T21:59:41Z" finished-at="2019-08-30T21:59:41Z">
          <reporter-output>
          </reporter-output>
        </test-method> <!-- beforeMethod -->
        <test-method status="SKIP" signature="irctcSignUp(java.lang.String, java.lang.String, java.lang.String, java.lang.String, java.lang.String, java.lang.String, java.lang.String, java.lang.String, java.lang.String, java.lang.String, java.lang.String, java.lang.String, java.lang.String, java.lang.String, java.lang.String, java.lang.String, java.lang.String, java.lang.String, java.lang.String, java.lang.String, java.lang.String, java.lang.String, java.lang.String, java.lang.String, java.lang.String, java.lang.String, java.lang.String, java.lang.String)[pri:0, instance:testcases.TC001@12050f6]" name="irctcSignUp" duration-ms="1" started-at="2019-08-30T21:59:41Z" data-provider="fetchData" finished-at="2019-08-30T21:59:41Z">
          <params>
            <param index="0">
              <value>
                <![CDATA[thranu_a]]>
              </value>
            </param>
            <param index="1">
              <value>
                <![CDATA[threetest*123]]>
              </value>
            </param>
            <param index="2">
              <value>
                <![CDATA[threetest*123]]>
              </value>
            </param>
            <param index="3">
              <value>
                <![CDATA[3]]>
              </value>
            </param>
            <param index="4">
              <value>
                <![CDATA[Three Ans]]>
              </value>
            </param>
            <param index="5">
              <value>
                <![CDATA[0]]>
              </value>
            </param>
            <param index="6">
              <value>
                <![CDATA[Thranu]]>
              </value>
            </param>
            <param index="7">
              <value>
                <![CDATA[Thranav]]>
              </value>
            </param>
            <param index="8">
              <value>
                <![CDATA[Thran]]>
              </value>
            </param>
            <param index="9">
              <value>
                <![CDATA[male]]>
              </value>
            </param>
            <param index="10">
              <value>
                <![CDATA[04]]>
              </value>
            </param>
            <param index="11">
              <value>
                <![CDATA[JAN]]>
              </value>
            </param>
            <param index="12">
              <value>
                <![CDATA[1995]]>
              </value>
            </param>
            <param index="13">
              <value>
                <![CDATA[2]]>
              </value>
            </param>
            <param index="14">
              <value>
                <![CDATA[9876543287654321]]>
              </value>
            </param>
            <param index="15">
              <value>
                <![CDATA[MNOPQ9876R]]>
              </value>
            </param>
            <param index="16">
              <value>
                <![CDATA[1]]>
              </value>
            </param>
            <param index="17">
              <value>
                <![CDATA[testthree@email.com]]>
              </value>
            </param>
            <param index="18">
              <value>
                <![CDATA[7654321098]]>
              </value>
            </param>
            <param index="19">
              <value>
                <![CDATA[1]]>
              </value>
            </param>
            <param index="20">
              <value>
                <![CDATA[123]]>
              </value>
            </param>
            <param index="21">
              <value>
                <![CDATA[test street three]]>
              </value>
            </param>
            <param index="22">
              <value>
                <![CDATA[test area three]]>
              </value>
            </param>
            <param index="23">
              <value>
                <![CDATA[600101]]>
              </value>
            </param>
            <param index="24">
              <value>
                <![CDATA[1]]>
              </value>
            </param>
            <param index="25">
              <value>
                <![CDATA[1]]>
              </value>
            </param>
            <param index="26">
              <value>
                <![CDATA[7654310]]>
              </value>
            </param>
            <param index="27">
              <value>
                <![CDATA[IJKL]]>
              </value>
            </param>
          </params>
          <reporter-output>
          </reporter-output>
        </test-method> <!-- irctcSignUp -->
        <test-method status="SKIP" signature="afterMethod()[pri:0, instance:testcases.TC001@12050f6]" name="afterMethod" is-config="true" duration-ms="0" started-at="2019-08-30T21:59:41Z" finished-at="2019-08-30T21:59:41Z">
          <reporter-output>
          </reporter-output>
        </test-method> <!-- afterMethod -->
      </class> <!-- testcases.TC001 -->
    </test> <!-- Default test -->
  </suite> <!-- Default suite -->
</testng-results>
